<?xml version="1.0" encoding="UTF-8"?>
<testng-results skipped="0" failed="0" total="1" passed="1">
  <reporter-output>
  </reporter-output>
  <suite name="Default suite" duration-ms="24587" started-at="2017-11-10T08:27:10Z" finished-at="2017-11-10T08:27:34Z">
    <groups>
    </groups>
    <test name="Default test" duration-ms="24587" started-at="2017-11-10T08:27:10Z" finished-at="2017-11-10T08:27:34Z">
      <class name="testPergi.Staging.HomePage">
        <test-method status="PASS" signature="initialize()[pri:0, instance:testPergi.Staging.HomePage@224edc67]" name="initialize" is-config="true" duration-ms="14551" started-at="2017-11-10T15:27:10Z" finished-at="2017-11-10T15:27:24Z">
          <reporter-output>
          </reporter-output>
        </test-method> <!-- initialize -->
        <test-method status="PASS" signature="homePageNavigation()[pri:0, instance:testPergi.Staging.HomePage@224edc67]" name="homePageNavigation" duration-ms="9337" started-at="2017-11-10T15:27:24Z" finished-at="2017-11-10T15:27:34Z">
          <reporter-output>
          </reporter-output>
        </test-method> <!-- homePageNavigation -->
        <test-method status="PASS" signature="shutDown()[pri:0, instance:testPergi.Staging.HomePage@224edc67]" name="shutDown" is-config="true" duration-ms="670" started-at="2017-11-10T15:27:34Z" finished-at="2017-11-10T15:27:34Z">
          <reporter-output>
          </reporter-output>
        </test-method> <!-- shutDown -->
      </class> <!-- testPergi.Staging.HomePage -->
    </test> <!-- Default test -->
  </suite> <!-- Default suite -->
</testng-results>
